<?xml version="1.0" encoding="UTF-8"?>
<!-- Generated by org.testng.reporters.JUnitReportReporter -->
<testsuite skipped="0" hostname="LAPTOP-S7S335L6" name="com.amboss.qaassignment.CreateExamPreparationSession" tests="1" failures="0" timestamp="05 Jun 2019 20:48:11 GMT" time="21.484" errors="0">
  <testcase name="newExamPreparationSession" time="21.484" classname="com.amboss.qaassignment.CreateExamPreparationSession"/>
</testsuite> <!-- com.amboss.qaassignment.CreateExamPreparationSession -->
