<?xml version="1.0" encoding="UTF-8"?>
<!-- Generated by org.testng.reporters.JUnitReportReporter -->
<testsuite skipped="0" hostname="LAPTOP-S7S335L6" name="com.amboss.qaassignment.CustomSession" tests="2" failures="0" timestamp="04 Jun 2019 21:18:29 GMT" time="20.025" errors="0">
  <testcase name="login" time="5.501" classname="com.amboss.qaassignment.CustomSession"/>
  <testcase name="createNewSession" time="14.524" classname="com.amboss.qaassignment.CustomSession"/>
</testsuite> <!-- com.amboss.qaassignment.CustomSession -->
