<?xml version="1.0" encoding="UTF-8"?>
<!-- Generated by org.testng.reporters.JUnitReportReporter -->
<testsuite skipped="0" hostname="LAPTOP-S7S335L6" name="com.amboss.qaassignment.CreateExamPreparationSession" tests="2" failures="0" timestamp="04 Jun 2019 21:18:29 GMT" time="34.654" errors="0">
  <testcase name="newExamPreparationSession" time="26.708" classname="com.amboss.qaassignment.CreateExamPreparationSession"/>
  <testcase name="login" time="7.946" classname="com.amboss.qaassignment.CreateExamPreparationSession"/>
</testsuite> <!-- com.amboss.qaassignment.CreateExamPreparationSession -->
