<?xml version="1.0" encoding="UTF-8"?>
<!-- Generated by org.testng.reporters.JUnitReportReporter -->
<testsuite skipped="0" hostname="LAPTOP-S7S335L6" name="com.amboss.qaassignment.CreateExamPreparationSession" tests="2" failures="0" timestamp="04 Jun 2019 23:03:28 GMT" time="22.201" errors="0">
  <testcase name="newExamPreparationSession" time="16.671" classname="com.amboss.qaassignment.CreateExamPreparationSession"/>
  <testcase name="login" time="5.530" classname="com.amboss.qaassignment.CreateExamPreparationSession"/>
</testsuite> <!-- com.amboss.qaassignment.CreateExamPreparationSession -->
