<?xml version="1.0" encoding="UTF-8"?>
<!-- Generated by org.testng.reporters.JUnitReportReporter -->
<testsuite skipped="0" hostname="LAPTOP-S7S335L6" name="com.amboss.qaassignment.CustomSession" tests="2" failures="0" timestamp="04 Jun 2019 23:03:28 GMT" time="15.474" errors="0">
  <testcase name="login" time="4.790" classname="com.amboss.qaassignment.CustomSession"/>
  <testcase name="createNewSession" time="10.684" classname="com.amboss.qaassignment.CustomSession"/>
</testsuite> <!-- com.amboss.qaassignment.CustomSession -->
