<?xml version="1.0" encoding="UTF-8"?>
<!-- Generated by org.testng.reporters.JUnitReportReporter -->
<testsuite skipped="0" hostname="LAPTOP-S7S335L6" name="com.amboss.qaassignment.Login" tests="1" failures="0" timestamp="28 May 2019 20:47:31 GMT" time="32.920" errors="0">
  <testcase name="accountSignIn" time="32.920" classname="com.amboss.qaassignment.Login"/>
</testsuite> <!-- com.amboss.qaassignment.Login -->
